<?xml version="1.0" encoding="UTF-8"?>
<testng-results skipped="0" failed="0" total="1" passed="1">
  <reporter-output>
  </reporter-output>
  <suite name="Suite" duration-ms="11133" started-at="2019-03-17T11:24:16Z" finished-at="2019-03-17T11:24:27Z">
    <groups>
    </groups>
    <test name="Test" duration-ms="11133" started-at="2019-03-17T11:24:16Z" finished-at="2019-03-17T11:24:27Z">
      <class name="pack.TC001">
        <test-method status="PASS" signature="beforeSuite()[pri:0, instance:pack.TC001@5034c75a]" name="beforeSuite" is-config="true" duration-ms="652" started-at="2019-03-17T16:54:15Z" finished-at="2019-03-17T16:54:16Z">
          <reporter-output>
          </reporter-output>
        </test-method> <!-- beforeSuite -->
        <test-method status="PASS" signature="beforeTest()[pri:0, instance:pack.TC001@5034c75a]" name="beforeTest" is-config="true" duration-ms="7" started-at="2019-03-17T16:54:16Z" finished-at="2019-03-17T16:54:16Z">
          <reporter-output>
          </reporter-output>
        </test-method> <!-- beforeTest -->
        <test-method status="PASS" signature="beforeClass()[pri:0, instance:pack.TC001@5034c75a]" name="beforeClass" is-config="true" duration-ms="1" started-at="2019-03-17T16:54:16Z" finished-at="2019-03-17T16:54:16Z">
          <reporter-output>
          </reporter-output>
        </test-method> <!-- beforeClass -->
        <test-method status="PASS" signature="launchAmazon()[pri:0, instance:pack.TC001@5034c75a]" name="launchAmazon" is-config="true" duration-ms="8710" started-at="2019-03-17T16:54:16Z" finished-at="2019-03-17T16:54:25Z">
          <reporter-output>
          </reporter-output>
        </test-method> <!-- launchAmazon -->
        <test-method status="PASS" signature="test()[pri:0, instance:pack.TC001@5034c75a]" name="test" duration-ms="243" started-at="2019-03-17T16:54:25Z" finished-at="2019-03-17T16:54:25Z">
          <reporter-output>
          </reporter-output>
        </test-method> <!-- test -->
        <test-method status="PASS" signature="closeAmazon()[pri:0, instance:pack.TC001@5034c75a]" name="closeAmazon" is-config="true" duration-ms="2154" started-at="2019-03-17T16:54:25Z" finished-at="2019-03-17T16:54:27Z">
          <reporter-output>
          </reporter-output>
        </test-method> <!-- closeAmazon -->
        <test-method status="PASS" signature="afterClass()[pri:0, instance:pack.TC001@5034c75a]" name="afterClass" is-config="true" duration-ms="1" started-at="2019-03-17T16:54:27Z" finished-at="2019-03-17T16:54:27Z">
          <reporter-output>
          </reporter-output>
        </test-method> <!-- afterClass -->
        <test-method status="PASS" signature="afterTest()[pri:0, instance:pack.TC001@5034c75a]" name="afterTest" is-config="true" duration-ms="2" started-at="2019-03-17T16:54:27Z" finished-at="2019-03-17T16:54:27Z">
          <reporter-output>
          </reporter-output>
        </test-method> <!-- afterTest -->
        <test-method status="PASS" signature="afterSuite()[pri:0, instance:pack.TC001@5034c75a]" name="afterSuite" is-config="true" duration-ms="384" started-at="2019-03-17T16:54:27Z" finished-at="2019-03-17T16:54:27Z">
          <reporter-output>
          </reporter-output>
        </test-method> <!-- afterSuite -->
      </class> <!-- pack.TC001 -->
    </test> <!-- Test -->
  </suite> <!-- Suite -->
</testng-results>
