<?xml version="1.0" encoding="UTF-8"?>
<testng-results skipped="0" failed="0" total="1" passed="1">
  <reporter-output>
  </reporter-output>
  <suite name="Suite" duration-ms="13209" started-at="2019-03-17T11:22:40Z" finished-at="2019-03-17T11:22:53Z">
    <groups>
    </groups>
    <test name="Test" duration-ms="13209" started-at="2019-03-17T11:22:40Z" finished-at="2019-03-17T11:22:53Z">
      <class name="pack.TC001">
        <test-method status="PASS" signature="beforeSuite()[pri:0, instance:pack.TC001@5649fd9b]" name="beforeSuite" is-config="true" duration-ms="411" started-at="2019-03-17T16:52:40Z" finished-at="2019-03-17T16:52:40Z">
          <reporter-output>
          </reporter-output>
        </test-method> <!-- beforeSuite -->
        <test-method status="PASS" signature="beforeTest()[pri:0, instance:pack.TC001@5649fd9b]" name="beforeTest" is-config="true" duration-ms="0" started-at="2019-03-17T16:52:40Z" finished-at="2019-03-17T16:52:40Z">
          <reporter-output>
          </reporter-output>
        </test-method> <!-- beforeTest -->
        <test-method status="PASS" signature="beforeClass()[pri:0, instance:pack.TC001@5649fd9b]" name="beforeClass" is-config="true" duration-ms="0" started-at="2019-03-17T16:52:40Z" finished-at="2019-03-17T16:52:40Z">
          <reporter-output>
          </reporter-output>
        </test-method> <!-- beforeClass -->
        <test-method status="PASS" signature="launchAmazon()[pri:0, instance:pack.TC001@5649fd9b]" name="launchAmazon" is-config="true" duration-ms="10408" started-at="2019-03-17T16:52:40Z" finished-at="2019-03-17T16:52:51Z">
          <reporter-output>
          </reporter-output>
        </test-method> <!-- launchAmazon -->
        <test-method status="PASS" signature="test()[pri:0, instance:pack.TC001@5649fd9b]" name="test" duration-ms="183" started-at="2019-03-17T16:52:51Z" finished-at="2019-03-17T16:52:51Z">
          <reporter-output>
          </reporter-output>
        </test-method> <!-- test -->
        <test-method status="PASS" signature="closeAmazon()[pri:0, instance:pack.TC001@5649fd9b]" name="closeAmazon" is-config="true" duration-ms="2595" started-at="2019-03-17T16:52:51Z" finished-at="2019-03-17T16:52:53Z">
          <reporter-output>
          </reporter-output>
        </test-method> <!-- closeAmazon -->
        <test-method status="PASS" signature="afterClass()[pri:0, instance:pack.TC001@5649fd9b]" name="afterClass" is-config="true" duration-ms="0" started-at="2019-03-17T16:52:53Z" finished-at="2019-03-17T16:52:53Z">
          <reporter-output>
          </reporter-output>
        </test-method> <!-- afterClass -->
        <test-method status="PASS" signature="afterTest()[pri:0, instance:pack.TC001@5649fd9b]" name="afterTest" is-config="true" duration-ms="0" started-at="2019-03-17T16:52:53Z" finished-at="2019-03-17T16:52:53Z">
          <reporter-output>
          </reporter-output>
        </test-method> <!-- afterTest -->
        <test-method status="PASS" signature="afterSuite()[pri:0, instance:pack.TC001@5649fd9b]" name="afterSuite" is-config="true" duration-ms="342" started-at="2019-03-17T16:52:53Z" finished-at="2019-03-17T16:52:54Z">
          <reporter-output>
          </reporter-output>
        </test-method> <!-- afterSuite -->
      </class> <!-- pack.TC001 -->
    </test> <!-- Test -->
  </suite> <!-- Suite -->
</testng-results>
